0 info it worked if it ends with ok
1 verbose cli [ 'C:\\Program Files (x86)\\nodejs\\node.exe',
1 verbose cli   'C:\\Program Files (x86)\\nodejs\\node_modules\\npm\\bin\\npm-cli.js',
1 verbose cli   'install',
1 verbose cli   '-g',
1 verbose cli   'javascripting' ]
2 info using npm@2.14.12
3 info using node@v4.3.1
4 verbose install initial load of C:\Users\GRASYA\AppData\Roaming\npm\package.json
5 verbose readDependencies loading dependencies from C:\Users\GRASYA\AppData\Roaming\npm\package.json
6 silly cache add args [ 'javascripting', null ]
7 verbose cache add spec javascripting
8 silly cache add parsed spec Result {
8 silly cache add   raw: 'javascripting',
8 silly cache add   scope: null,
8 silly cache add   name: 'javascripting',
8 silly cache add   rawSpec: '',
8 silly cache add   spec: 'latest',
8 silly cache add   type: 'tag' }
9 silly addNamed javascripting@latest
10 verbose addNamed "latest" is being treated as a dist-tag for javascripting
11 info addNameTag [ 'javascripting', 'latest' ]
12 silly mapToRegistry name javascripting
13 silly mapToRegistry using default registry
14 silly mapToRegistry registry https://registry.npmjs.org/
15 silly mapToRegistry uri https://registry.npmjs.org/javascripting
16 verbose addNameTag registry:https://registry.npmjs.org/javascripting not in flight; fetching
17 verbose request uri https://registry.npmjs.org/javascripting
18 verbose request no auth needed
19 info attempt registry request try #1 at 1:29:28 PM
20 verbose request id 080601786b0eb14d
21 http request GET https://registry.npmjs.org/javascripting
22 info retry will retry, error on last attempt: Error: connect ECONNABORTED 23.235.47.162:443
23 info attempt registry request try #2 at 1:29:53 PM
24 http request GET https://registry.npmjs.org/javascripting
25 info retry will retry, error on last attempt: Error: connect ETIMEDOUT 23.235.47.162:443
26 info attempt registry request try #3 at 1:31:14 PM
27 http request GET https://registry.npmjs.org/javascripting
28 verbose stack Error: getaddrinfo ENOTFOUND registry.npmjs.org registry.npmjs.org:443
28 verbose stack     at errnoException (dns.js:26:10)
28 verbose stack     at GetAddrInfoReqWrap.onlookup [as oncomplete] (dns.js:77:26)
29 verbose cwd D:\javascripting
30 error Windows_NT 6.3.9600
31 error argv "C:\\Program Files (x86)\\nodejs\\node.exe" "C:\\Program Files (x86)\\nodejs\\node_modules\\npm\\bin\\npm-cli.js" "install" "-g" "javascripting"
32 error node v4.3.1
33 error npm  v2.14.12
34 error code ENOTFOUND
35 error errno ENOTFOUND
36 error syscall getaddrinfo
37 error network getaddrinfo ENOTFOUND registry.npmjs.org registry.npmjs.org:443
37 error network This is most likely not a problem with npm itself
37 error network and is related to network connectivity.
37 error network In most cases you are behind a proxy or have bad network settings.
37 error network
37 error network If you are behind a proxy, please make sure that the
37 error network 'proxy' config is set properly.  See: 'npm help config'
38 verbose exit [ 1, true ]
